<?xml version="1.0" encoding="UTF-8"?>
<!-- Generated by org.testng.reporters.JUnitReportReporter -->
<testsuite skipped="0" hostname="lenovo-PC" name="com.expedia.Flightbooking.ExpediaActions" tests="1" failures="0" timestamp="20 May 2018 05:16:56 GMT" time="24.486" errors="0">
  <testcase name="testhomepage" time="24.486" classname="com.expedia.Flightbooking.ExpediaActions"/>
</testsuite> <!-- com.expedia.Flightbooking.ExpediaActions -->
