<?xml version="1.0" encoding="UTF-8"?>
<!-- Generated by org.testng.reporters.JUnitReportReporter -->
<testsuite skipped="0" hostname="lenovo-PC" name="com.expedia.Flightbooking.ExpediaActionsTest" tests="1" failures="0" timestamp="20 May 2018 06:28:36 GMT" time="32.340" errors="0">
  <testcase name="testhomepage" time="32.340" classname="com.expedia.Flightbooking.ExpediaActionsTest"/>
</testsuite> <!-- com.expedia.Flightbooking.ExpediaActionsTest -->
